Flutter crash report.
Please report a bug at https://github.com/flutter/flutter/issues.

## command

flutter --no-color run --machine --track-widget-creation --device-id=edge --start-paused --dart-define=flutter.inspector.structuredErrors=true lib\main.dart

## exception

OutOfMemoryError: Out of Memory

```
#0      new Uint8List (dart:typed_data-patch/typed_data_patch.dart:2305:3)
#1      _File.readAsBytesSync (dart:io/file_impl.dart:589:16)
#2      ForwardingFile.readAsBytesSync (package:file/src/forwarding/forwarding_file.dart:91:43)
#3      ForwardingFile.readAsBytesSync (package:file/src/forwarding/forwarding_file.dart:91:43)
#4      WebMemoryFS.write (package:flutter_tools/src/web/memory_fs.dart:34:42)
#5      WebDevFS.update (package:flutter_tools/src/isolated/devfs_web.dart:1046:45)
#6      _rootRunUnary (dart:async/zone.dart:1407:47)
#7      _CustomZone.runUnary (dart:async/zone.dart:1308:19)
#8      _FutureListener.handleValue (dart:async/future_impl.dart:163:18)
#9      Future._propagateToListeners.handleValueCallback (dart:async/future_impl.dart:847:45)
#10     Future._propagateToListeners (dart:async/future_impl.dart:876:13)
#11     Future._completeWithValue (dart:async/future_impl.dart:652:5)
#12     Future._asyncCompleteWithValue.<anonymous closure> (dart:async/future_impl.dart:722:7)
#13     _rootRun (dart:async/zone.dart:1399:13)
#14     _CustomZone.run (dart:async/zone.dart:1301:19)
#15     _CustomZone.runGuarded (dart:async/zone.dart:1209:7)
#16     _CustomZone.bindCallbackGuarded.<anonymous closure> (dart:async/zone.dart:1249:23)
#17     _microtaskLoop (dart:async/schedule_microtask.dart:40:21)
#18     _startMicrotaskLoop (dart:async/schedule_microtask.dart:49:5)
#19     _runPendingImmediateCallback (dart:isolate-patch/isolate_patch.dart:118:13)
#20     _RawReceivePort._handleMessage (dart:isolate-patch/isolate_patch.dart:185:5)
```

## flutter doctor

```
[✓] Flutter (Channel stable, 3.22.2, on Microsoft Windows [版本 10.0.22631.3737], locale zh-CN)
    • Flutter version 3.22.2 on channel stable at D:\Software\flutter
    • Upstream repository https://github.com/flutter/flutter.git
    • Framework revision 761747bfc5 (3 weeks ago), 2024-06-05 22:15:13 +0200
    • Engine revision edd8546116
    • Dart version 3.4.3
    • DevTools version 2.34.3

[!] Windows Version (Problem detected with Windows installation)
    ! Get-Process failed to complete

[✗] Android toolchain - develop for Android devices
    • Android SDK at D:\Software\AsSdk
    ✗ cmdline-tools component is missing
      Run `path/to/sdkmanager --install "cmdline-tools;latest"`
      See https://developer.android.com/studio/command-line for more details.

[✗] Chrome - develop for the web (Cannot find Chrome executable at .\Google\Chrome\Application\chrome.exe)
    ! Cannot find Chrome. Try setting CHROME_EXECUTABLE to a Chrome executable.

[✗] Visual Studio - develop Windows apps
    ✗ Visual Studio not installed; this is necessary to develop Windows apps.
      Download at https://visualstudio.microsoft.com/downloads/.
      Please install the "Desktop development with C++" workload, including all of its default components

[!] Android Studio (version 2022.3)
    • Android Studio at D:\Software\AS
    • Flutter plugin can be installed from:
      🔨 https://plugins.jetbrains.com/plugin/9212-flutter
    • Dart plugin can be installed from:
      🔨 https://plugins.jetbrains.com/plugin/6351-dart
    ✗ Unable to determine bundled Java version.
    • Try updating or re-installing Android Studio.

[✓] Connected device (3 available)
    • XT1970 5 (mobile) • ZY326DFKXG • android-arm64  • Android 9 (API 28)
    • Windows (desktop) • windows    • windows-x64    • Microsoft Windows [版本 10.0.22631.3737]
    • Edge (web)        • edge       • web-javascript • Microsoft Edge 126.0.2592.61

[!] Network resources
    ✗ A network error occurred while checking "https://maven.google.com/": 信号灯超时时间已到

    ✗ An HTTP error occurred while checking "https://github.com/": Connection closed before full header was received

! Doctor found issues in 6 categories.
```
