#
# There is insufficient memory for the Java Runtime Environment to continue.
# Native memory allocation (mmap) failed to map 392167424 bytes for Failed to commit area from 0x000000068ae00000 to 0x00000006a2400000 of length 392167424.
# Possible reasons:
#   The system is out of physical RAM or swap space
#   The process is running with CompressedOops enabled, and the Java Heap may be blocking the growth of the native heap
# Possible solutions:
#   Reduce memory load on the system
#   Increase physical memory or swap space
#   Check if swap backing store is full
#   Decrease Java heap size (-Xmx/-Xms)
#   Decrease number of Java threads
#   Decrease Java thread stack sizes (-Xss)
#   Set larger code cache with -XX:ReservedCodeCacheSize=
# This output file may be truncated or incomplete.
#
#  Out of Memory Error (os_windows.cpp:3386), pid=19960, tid=16520
#
# JRE version:  (11.0.20.1+9) (build )
# Java VM: OpenJDK 64-Bit Server VM (11.0.20.1+9-LTS, mixed mode, sharing, tiered, compressed oops, g1 gc, windows-amd64)
# No core dump will be written. Minidumps are not enabled by default on client versions of Windows
#

---------------  S U M M A R Y ------------

Command Line: -Dorg.gradle.appname=gradlew org.gradle.wrapper.GradleWrapperMain -q -Ptarget-platform=android-arm64 -Ptarget=D:\Workspace\flutter_admin_master\lib\main.dart -Pbase-application-name=android.app.Application -Pdart-defines=Zmx1dHRlci5pbnNwZWN0b3Iuc3RydWN0dXJlZEVycm9ycz10cnVl,RkxVVFRFUl9XRUJfQ0FOVkFTS0lUX1VSTD1odHRwczovL3d3dy5nc3RhdGljLmNvbS9mbHV0dGVyLWNhbnZhc2tpdC9lZGQ4NTQ2MTE2NDU3YmRmMWM1YmRmYjEzZWNiOTQ2M2QyYmI1ZWQ0Lw== -Pdart-obfuscation=false -Ptrack-widget-creation=true -Ptree-shake-icons=false -Pfilesystem-scheme=org-dartlang-root assembleDebug

Host: AMD Ryzen 7 5825U with Radeon Graphics         , 16 cores, 23G,  Windows 11 , 64 bit Build 22621 (10.0.22621.3672)
Time: Wed Jun 19 19:07:25 2024  Windows 11 , 64 bit Build 22621 (10.0.22621.3672) elapsed time: 0.136923 seconds (0d 0h 0m 0s)

---------------  T H R E A D  ---------------

Current thread (0x00000289aa0df800):  JavaThread "Unknown thread" [_thread_in_vm, id=16520, stack(0x000000949f400000,0x000000949f500000)]

Stack: [0x000000949f400000,0x000000949f500000]
Native frames: (J=compiled Java code, j=interpreted, Vv=VM code, C=native code)
V  [jvm.dll+0x62418a]
V  [jvm.dll+0x7b1d69]
V  [jvm.dll+0x7b3458]
V  [jvm.dll+0x7b3b33]
V  [jvm.dll+0x250148]
V  [jvm.dll+0x62149a]
V  [jvm.dll+0x615a55]
V  [jvm.dll+0x30ab4c]
V  [jvm.dll+0x30a9d2]
V  [jvm.dll+0x30f6e6]
V  [jvm.dll+0x355cef]
V  [jvm.dll+0x355720]
V  [jvm.dll+0x2e7ab8]
V  [jvm.dll+0x2e8c16]
V  [jvm.dll+0x78bb87]
V  [jvm.dll+0x78d30f]
V  [jvm.dll+0x362a49]
V  [jvm.dll+0x76e9b0]
V  [jvm.dll+0x3d179f]
V  [jvm.dll+0x3d3b31]
C  [jli.dll+0x5227]
C  [ucrtbase.dll+0x29333]
C  [KERNEL32.DLL+0x1257d]
C  [ntdll.dll+0x5af28]


---------------  P R O C E S S  ---------------

Threads class SMR info:
_java_thread_list=0x00000289a7eb7c40, length=0, elements={
}

Java Threads: ( => current thread )

Other Threads:
  0x00000289aa0fa800 GCTaskThread "GC Thread#0" [stack: 0x000000949f500000,0x000000949f600000] [id=7316]
  0x00000289aa17f000 ConcurrentGCThread "G1 Main Marker" [stack: 0x000000949f600000,0x000000949f700000] [id=21844]
  0x00000289aa182800 ConcurrentGCThread "G1 Conc#0" [stack: 0x000000949f700000,0x000000949f800000] [id=22032]

[error occurred during error reporting (printing all threads), id 0xc0000005, EXCEPTION_ACCESS_VIOLATION (0xc0000005) at pc=0x00007ffb12c272f7]

VM state:not at safepoint (not fully initialized)

VM Mutex/Monitor currently owned by a thread:  ([mutex/lock_event])
[0x00000289aa0dd0e0] Heap_lock - owner thread: 0x00000289aa0df800

Heap address: 0x000000068ae00000, size: 5970 MB, Compressed Oops mode: Non-zero based: 0x000000068ae00000
Narrow klass base: 0x0000000000000000, Narrow klass shift: 0

GC Heap History (0 events):
No events

Deoptimization events (0 events):
No events

Classes redefined (0 events):
No events

Internal exceptions (0 events):
No events

Events (1 events):
Event: 0.133 Loaded shared library D:\Software\AS\java\bin\zip.dll


Dynamic libraries:
0x00007ff737910000 - 0x00007ff73791d000 	D:\Software\AS\java\bin\java.exe
0x00007ffbd4590000 - 0x00007ffbd47a7000 	C:\WINDOWS\SYSTEM32\ntdll.dll
0x00007ffbd24d0000 - 0x00007ffbd2594000 	C:\WINDOWS\System32\KERNEL32.DLL
0x00007ffbd19b0000 - 0x00007ffbd1d5c000 	C:\WINDOWS\System32\KERNELBASE.dll
0x00007ffbd1f80000 - 0x00007ffbd2091000 	C:\WINDOWS\System32\ucrtbase.dll
0x00007ffbb0610000 - 0x00007ffbb0627000 	D:\Software\AS\java\bin\jli.dll
0x00007ffbae250000 - 0x00007ffbae269000 	D:\Software\AS\java\bin\VCRUNTIME140.dll
0x00007ffbd43a0000 - 0x00007ffbd454e000 	C:\WINDOWS\System32\USER32.dll
0x00007ffbb6ee0000 - 0x00007ffbb7173000 	C:\WINDOWS\WinSxS\amd64_microsoft.windows.common-controls_6595b64144ccf1df_6.0.22621.3672_none_2713b9d173822955\COMCTL32.dll
0x00007ffbd1f50000 - 0x00007ffbd1f76000 	C:\WINDOWS\System32\win32u.dll
0x00007ffbd3c70000 - 0x00007ffbd3d17000 	C:\WINDOWS\System32\msvcrt.dll
0x00007ffbd3d30000 - 0x00007ffbd3d59000 	C:\WINDOWS\System32\GDI32.dll
0x00007ffbd1e00000 - 0x00007ffbd1f19000 	C:\WINDOWS\System32\gdi32full.dll
0x00007ffbd1d60000 - 0x00007ffbd1dfa000 	C:\WINDOWS\System32\msvcp_win.dll
0x00007ffbd3e40000 - 0x00007ffbd3e71000 	C:\WINDOWS\System32\IMM32.DLL
0x00007ffb98460000 - 0x00007ffb984fb000 	D:\Software\AS\java\bin\msvcp140.dll
0x00007ffb12930000 - 0x00007ffb134bb000 	D:\Software\AS\java\bin\server\jvm.dll
0x00007ffbd3710000 - 0x00007ffbd37c2000 	C:\WINDOWS\System32\ADVAPI32.dll
0x00007ffbd23c0000 - 0x00007ffbd246a000 	C:\WINDOWS\System32\sechost.dll
0x00007ffbd1f20000 - 0x00007ffbd1f48000 	C:\WINDOWS\System32\bcrypt.dll
0x00007ffbd2bd0000 - 0x00007ffbd2ce5000 	C:\WINDOWS\System32\RPCRT4.dll
0x00007ffbd3e90000 - 0x00007ffbd3e98000 	C:\WINDOWS\System32\PSAPI.DLL
0x00007ffbac470000 - 0x00007ffbac479000 	C:\WINDOWS\SYSTEM32\WSOCK32.dll
0x00007ffbcbe80000 - 0x00007ffbcbeb4000 	C:\WINDOWS\SYSTEM32\WINMM.dll
0x00007ffbcdcd0000 - 0x00007ffbcdcda000 	C:\WINDOWS\SYSTEM32\VERSION.dll
0x00007ffbd2850000 - 0x00007ffbd28c1000 	C:\WINDOWS\System32\WS2_32.dll
0x00007ffbd08f0000 - 0x00007ffbd0908000 	C:\WINDOWS\SYSTEM32\kernel.appcore.dll
0x00007ffbb9380000 - 0x00007ffbb9390000 	D:\Software\AS\java\bin\verify.dll
0x00007ffbcec20000 - 0x00007ffbcee52000 	C:\WINDOWS\SYSTEM32\DBGHELP.DLL
0x00007ffbd3ea0000 - 0x00007ffbd4228000 	C:\WINDOWS\System32\combase.dll
0x00007ffbd2ae0000 - 0x00007ffbd2bb7000 	C:\WINDOWS\System32\OLEAUT32.dll
0x00007ffbaadb0000 - 0x00007ffbaade2000 	C:\WINDOWS\SYSTEM32\dbgcore.DLL
0x00007ffbd18c0000 - 0x00007ffbd193b000 	C:\WINDOWS\System32\bcryptPrimitives.dll
0x00007ffba9030000 - 0x00007ffba9058000 	D:\Software\AS\java\bin\java.dll
0x00007ffbb9250000 - 0x00007ffbb925a000 	D:\Software\AS\java\bin\jimage.dll
0x00007ffbaa790000 - 0x00007ffbaa7a8000 	D:\Software\AS\java\bin\zip.dll

dbghelp: loaded successfully - version: 4.0.5 - missing functions: none
symbol engine: initialized successfully - sym options: 0x614 - pdb path: .;D:\Software\AS\java\bin;C:\WINDOWS\SYSTEM32;C:\WINDOWS\WinSxS\amd64_microsoft.windows.common-controls_6595b64144ccf1df_6.0.22621.3672_none_2713b9d173822955;D:\Software\AS\java\bin\server

VM Arguments:
jvm_args: -Dorg.gradle.appname=gradlew 
java_command: org.gradle.wrapper.GradleWrapperMain -q -Ptarget-platform=android-arm64 -Ptarget=D:\Workspace\flutter_admin_master\lib\main.dart -Pbase-application-name=android.app.Application -Pdart-defines=Zmx1dHRlci5pbnNwZWN0b3Iuc3RydWN0dXJlZEVycm9ycz10cnVl,RkxVVFRFUl9XRUJfQ0FOVkFTS0lUX1VSTD1odHRwczovL3d3dy5nc3RhdGljLmNvbS9mbHV0dGVyLWNhbnZhc2tpdC9lZGQ4NTQ2MTE2NDU3YmRmMWM1YmRmYjEzZWNiOTQ2M2QyYmI1ZWQ0Lw== -Pdart-obfuscation=false -Ptrack-widget-creation=true -Ptree-shake-icons=false -Pfilesystem-scheme=org-dartlang-root assembleDebug
java_class_path (initial): D:\Workspace\flutter_admin_master\android\\gradle\wrapper\gradle-wrapper.jar
Launcher Type: SUN_STANDARD

[Global flags]
     intx CICompilerCount                          = 12                                        {product} {ergonomic}
     uint ConcGCThreads                            = 3                                         {product} {ergonomic}
     uint G1ConcRefinementThreads                  = 13                                        {product} {ergonomic}
   size_t G1HeapRegionSize                         = 1048576                                   {product} {ergonomic}
    uintx GCDrainStackTargetSize                   = 64                                        {product} {ergonomic}
   size_t InitialHeapSize                          = 392167424                                 {product} {ergonomic}
   size_t MarkStackSize                            = 4194304                                   {product} {ergonomic}
   size_t MaxHeapSize                              = 6259998720                                {product} {ergonomic}
   size_t MinHeapDeltaBytes                        = 1048576                                   {product} {ergonomic}
    uintx NonNMethodCodeHeapSize                   = 7594288                                {pd product} {ergonomic}
    uintx NonProfiledCodeHeapSize                  = 122031976                              {pd product} {ergonomic}
    uintx ProfiledCodeHeapSize                     = 122031976                              {pd product} {ergonomic}
    uintx ReservedCodeCacheSize                    = 251658240                              {pd product} {ergonomic}
     bool SegmentedCodeCache                       = true                                      {product} {ergonomic}
     bool UseCompressedClassPointers               = true                                 {lp64_product} {ergonomic}
     bool UseCompressedOops                        = true                                 {lp64_product} {ergonomic}
     bool UseG1GC                                  = true                                      {product} {ergonomic}
     bool UseLargePagesIndividualAllocation        = false                                  {pd product} {ergonomic}

Logging:
Log output configuration:
 #0: stdout all=warning uptime,level,tags
 #1: stderr all=off uptime,level,tags

Environment Variables:
JAVA_HOME=D:\Software\AS\java
CLASSPATH=D:\Workspace\flutter_admin_master\android\\gradle\wrapper\gradle-wrapper.jar
PATH=D:\Software\AS\java\bin;C:\WINDOWS\system32;C:\WINDOWS;C:\WINDOWS\System32\Wbem;C:\WINDOWS\System32\WindowsPowerShell\v1.0\;C:\WINDOWS\System32\OpenSSH\;D:\Software\Git\cmd;D:\Software\AS\java\bin;D:\Software\AsSdk\platform-tools;D:\Software\AS\java;D:\Software\AsSdk\ndk-bundle;D:\Software\flutter\bin;C:\Users\ZhuanZ(Œﬁ√‹¬Î)\AppData\Local\Microsoft\WindowsApps;C:\Users\ZhuanZ(Œﬁ√‹¬Î)\AppData\Local\GitHubDesktop\bin;D:\Software\flutter\bin\mingit\cmd
USERNAME=ZhuanZ(Œﬁ√‹¬Î)
OS=Windows_NT
PROCESSOR_IDENTIFIER=AMD64 Family 25 Model 80 Stepping 0, AuthenticAMD
TMP=C:\Users\ZHUANZ~1\AppData\Local\Temp
TEMP=C:\Users\ZHUANZ~1\AppData\Local\Temp



---------------  S Y S T E M  ---------------

OS: Windows 11 , 64 bit Build 22621 (10.0.22621.3672)
OS uptime: 1 days 8:32 hours
Hyper-V role detected

CPU:total 16 (initial active 16) (16 cores per cpu, 2 threads per core) family 25 model 80 stepping 0 microcode 0x0, cmov, cx8, fxsr, mmx, sse, sse2, sse3, ssse3, sse4.1, sse4.2, popcnt, avx, avx2, aes, clmul, erms, mmxext, 3dnowpref, lzcnt, sse4a, ht, tsc, tscinvbit, tscinv, bmi1, bmi2, adx, sha, fma

Memory: 4k page, system-wide physical 23873M (6368M free)
TotalPageFile size 23873M (AvailPageFile size 231M)
current process WorkingSet (physical memory assigned to process): 11M, peak: 11M
current process commit charge ("private bytes"): 72M, peak: 446M

vm_info: OpenJDK 64-Bit Server VM (11.0.20.1+9-LTS) for windows-amd64 JRE (11.0.20.1+9-LTS), built on Aug 19 2023 03:46:24 by "Administrator" with MS VC++ 15.9 (VS2017)

END.
